d:\github\gametechdev\hybriddetect\examples\d3d12multithreading\src\bin\x64\debug\shaders.hlsl
d:\github\gametechdev\hybriddetect\examples\d3d12multithreading\src\bin\x64\debug\squidroom.bin
d:\github\gametechdev\hybriddetect\examples\d3d12multithreading\src\obj\x64\debug\d3d12multithreading.pch
d:\github\gametechdev\hybriddetect\examples\d3d12multithreading\src\obj\x64\debug\vc143.pdb
d:\github\gametechdev\hybriddetect\examples\d3d12multithreading\src\obj\x64\debug\vc143.idb
d:\github\gametechdev\hybriddetect\examples\d3d12multithreading\src\obj\x64\debug\stdafx.obj
d:\github\gametechdev\hybriddetect\examples\d3d12multithreading\src\obj\x64\debug\imgui.obj
d:\github\gametechdev\hybriddetect\examples\d3d12multithreading\src\obj\x64\debug\imgui_demo.obj
d:\github\gametechdev\hybriddetect\examples\d3d12multithreading\src\obj\x64\debug\imgui_draw.obj
d:\github\gametechdev\hybriddetect\examples\d3d12multithreading\src\obj\x64\debug\imgui_impl_dx12.obj
d:\github\gametechdev\hybriddetect\examples\d3d12multithreading\src\obj\x64\debug\imgui_impl_win32.obj
d:\github\gametechdev\hybriddetect\examples\d3d12multithreading\src\obj\x64\debug\imgui_widgets.obj
d:\github\gametechdev\hybriddetect\examples\d3d12multithreading\src\obj\x64\debug\win32application.obj
d:\github\gametechdev\hybriddetect\examples\d3d12multithreading\src\obj\x64\debug\camera.obj
d:\github\gametechdev\hybriddetect\examples\d3d12multithreading\src\obj\x64\debug\dxsample.obj
d:\github\gametechdev\hybriddetect\examples\d3d12multithreading\src\obj\x64\debug\d3d12multithreading.obj
d:\github\gametechdev\hybriddetect\examples\d3d12multithreading\src\obj\x64\debug\frameresource.obj
d:\github\gametechdev\hybriddetect\examples\d3d12multithreading\src\obj\x64\debug\main.obj
d:\github\gametechdev\hybriddetect\examples\d3d12multithreading\src\bin\x64\debug\d3d12multithreading.exe
d:\github\gametechdev\hybriddetect\examples\d3d12multithreading\src\obj\x64\debug\d3d12multithreading.ilk
d:\github\gametechdev\hybriddetect\examples\d3d12multithreading\src\bin\x64\debug\d3d12multithreading.pdb
d:\github\gametechdev\hybriddetect\examples\d3d12multithreading\src\obj\x64\debug\d3d12mul.3fc193d0.tlog\custombuild.command.1.tlog
d:\github\gametechdev\hybriddetect\examples\d3d12multithreading\src\obj\x64\debug\d3d12mul.3fc193d0.tlog\custombuild.read.1.tlog
d:\github\gametechdev\hybriddetect\examples\d3d12multithreading\src\obj\x64\debug\d3d12mul.3fc193d0.tlog\custombuild.write.1.tlog
d:\github\gametechdev\hybriddetect\examples\d3d12multithreading\src\obj\x64\debug\d3d12mul.3fc193d0.tlog\cl.read.1.tlog
d:\github\gametechdev\hybriddetect\examples\d3d12multithreading\src\obj\x64\debug\d3d12mul.3fc193d0.tlog\cl.write.1.tlog
d:\github\gametechdev\hybriddetect\examples\d3d12multithreading\src\obj\x64\debug\d3d12mul.3fc193d0.tlog\cl.command.1.tlog
d:\github\gametechdev\hybriddetect\examples\d3d12multithreading\src\obj\x64\debug\d3d12mul.3fc193d0.tlog\link.read.2.tlog
d:\github\gametechdev\hybriddetect\examples\d3d12multithreading\src\obj\x64\debug\d3d12mul.3fc193d0.tlog\link.write.1.tlog
d:\github\gametechdev\hybriddetect\examples\d3d12multithreading\src\obj\x64\debug\d3d12mul.3fc193d0.tlog\link.command.1.tlog
d:\github\gametechdev\hybriddetect\examples\d3d12multithreading\src\obj\x64\debug\d3d12mul.3fc193d0.tlog\cl.items.tlog
