c:\users\duboism\onedrive - intel corporation\documents\github\gametechdev\hybriddetect\asteroids_d3d12\build\release\obj\ddstextureloader.obj
c:\users\duboism\onedrive - intel corporation\documents\github\gametechdev\hybriddetect\asteroids_d3d12\build\release\obj\dynamictaskmgrbase.obj
c:\users\duboism\onedrive - intel corporation\documents\github\gametechdev\hybriddetect\asteroids_d3d12\build\release\obj\texture.obj
c:\users\duboism\onedrive - intel corporation\documents\github\gametechdev\hybriddetect\asteroids_d3d12\build\release\obj\mesh.obj
c:\users\duboism\onedrive - intel corporation\documents\github\gametechdev\hybriddetect\asteroids_d3d12\build\release\obj\taskmgrss.obj
c:\users\duboism\onedrive - intel corporation\documents\github\gametechdev\hybriddetect\asteroids_d3d12\build\release\obj\camera.obj
c:\users\duboism\onedrive - intel corporation\documents\github\gametechdev\hybriddetect\asteroids_d3d12\build\release\obj\profile.obj
c:\users\duboism\onedrive - intel corporation\documents\github\gametechdev\hybriddetect\asteroids_d3d12\build\release\obj\simulation.obj
c:\users\duboism\onedrive - intel corporation\documents\github\gametechdev\hybriddetect\asteroids_d3d12\build\release\obj\asteroids_d3d12.obj
c:\users\duboism\onedrive - intel corporation\documents\github\gametechdev\hybriddetect\asteroids_d3d12\build\release\obj\vc142.pdb
c:\users\duboism\onedrive - intel corporation\documents\github\gametechdev\hybriddetect\asteroids_d3d12\build\release\obj\simplexnoise1234.obj
c:\users\duboism\onedrive - intel corporation\documents\github\gametechdev\hybriddetect\asteroids_d3d12\build\release\obj\winwrapper.obj
c:\users\duboism\onedrive - intel corporation\documents\github\gametechdev\hybriddetect\asteroids_d3d12\build\release\obj\taskscheduler.obj
c:\users\duboism\onedrive - intel corporation\documents\github\gametechdev\hybriddetect\asteroids_d3d12\build\release\obj\asteroid_ps.h
c:\users\duboism\onedrive - intel corporation\documents\github\gametechdev\hybriddetect\asteroids_d3d12\build\release\obj\asteroid_ps_d3d11.h
c:\users\duboism\onedrive - intel corporation\documents\github\gametechdev\hybriddetect\asteroids_d3d12\build\release\obj\asteroid_vs.h
c:\users\duboism\onedrive - intel corporation\documents\github\gametechdev\hybriddetect\asteroids_d3d12\build\release\obj\font_ps.h
c:\users\duboism\onedrive - intel corporation\documents\github\gametechdev\hybriddetect\asteroids_d3d12\build\release\obj\skybox_ps.h
c:\users\duboism\onedrive - intel corporation\documents\github\gametechdev\hybriddetect\asteroids_d3d12\build\release\obj\skybox_vs.h
c:\users\duboism\onedrive - intel corporation\documents\github\gametechdev\hybriddetect\asteroids_d3d12\build\release\obj\sprite_ps.h
c:\users\duboism\onedrive - intel corporation\documents\github\gametechdev\hybriddetect\asteroids_d3d12\build\release\obj\sprite_vs.h
c:\users\duboism\onedrive - intel corporation\documents\github\gametechdev\hybriddetect\asteroids_d3d12\build\release\bin\asteroids_d3d12.exe
c:\users\duboism\onedrive - intel corporation\documents\github\gametechdev\hybriddetect\asteroids_d3d12\build\release\bin\asteroids_d3d12.pdb
c:\users\duboism\onedrive - intel corporation\documents\github\gametechdev\hybriddetect\asteroids_d3d12\build\release\obj\asteroids_d3d12.tlog\cl.command.1.tlog
c:\users\duboism\onedrive - intel corporation\documents\github\gametechdev\hybriddetect\asteroids_d3d12\build\release\obj\asteroids_d3d12.tlog\cl.read.1.tlog
c:\users\duboism\onedrive - intel corporation\documents\github\gametechdev\hybriddetect\asteroids_d3d12\build\release\obj\asteroids_d3d12.tlog\cl.write.1.tlog
c:\users\duboism\onedrive - intel corporation\documents\github\gametechdev\hybriddetect\asteroids_d3d12\build\release\obj\asteroids_d3d12.tlog\fxc.command.1.tlog
c:\users\duboism\onedrive - intel corporation\documents\github\gametechdev\hybriddetect\asteroids_d3d12\build\release\obj\asteroids_d3d12.tlog\fxc.read.1.tlog
c:\users\duboism\onedrive - intel corporation\documents\github\gametechdev\hybriddetect\asteroids_d3d12\build\release\obj\asteroids_d3d12.tlog\fxc.write.1.tlog
c:\users\duboism\onedrive - intel corporation\documents\github\gametechdev\hybriddetect\asteroids_d3d12\build\release\obj\asteroids_d3d12.tlog\link.command.1.tlog
c:\users\duboism\onedrive - intel corporation\documents\github\gametechdev\hybriddetect\asteroids_d3d12\build\release\obj\asteroids_d3d12.tlog\link.delete.1.tlog
c:\users\duboism\onedrive - intel corporation\documents\github\gametechdev\hybriddetect\asteroids_d3d12\build\release\obj\asteroids_d3d12.tlog\link.read.1.tlog
c:\users\duboism\onedrive - intel corporation\documents\github\gametechdev\hybriddetect\asteroids_d3d12\build\release\obj\asteroids_d3d12.tlog\link.write.1.tlog
