c:\users\duboism\onedrive - intel corporation\documents\github\hybriddetect\d3d12multithreading\src\obj\x64\debug\d3d12multithreading.pch
c:\users\duboism\onedrive - intel corporation\documents\github\hybriddetect\d3d12multithreading\src\obj\x64\debug\vc142.pdb
c:\users\duboism\onedrive - intel corporation\documents\github\hybriddetect\d3d12multithreading\src\obj\x64\debug\vc142.idb
c:\users\duboism\onedrive - intel corporation\documents\github\hybriddetect\d3d12multithreading\src\obj\x64\debug\stdafx.obj
c:\users\duboism\onedrive - intel corporation\documents\github\hybriddetect\d3d12multithreading\src\obj\x64\debug\imgui.obj
c:\users\duboism\onedrive - intel corporation\documents\github\hybriddetect\d3d12multithreading\src\obj\x64\debug\imgui_demo.obj
c:\users\duboism\onedrive - intel corporation\documents\github\hybriddetect\d3d12multithreading\src\obj\x64\debug\imgui_draw.obj
c:\users\duboism\onedrive - intel corporation\documents\github\hybriddetect\d3d12multithreading\src\obj\x64\debug\imgui_impl_dx12.obj
c:\users\duboism\onedrive - intel corporation\documents\github\hybriddetect\d3d12multithreading\src\obj\x64\debug\imgui_impl_win32.obj
c:\users\duboism\onedrive - intel corporation\documents\github\hybriddetect\d3d12multithreading\src\obj\x64\debug\imgui_widgets.obj
c:\users\duboism\onedrive - intel corporation\documents\github\hybriddetect\d3d12multithreading\src\obj\x64\debug\win32application.obj
c:\users\duboism\onedrive - intel corporation\documents\github\hybriddetect\d3d12multithreading\src\obj\x64\debug\camera.obj
c:\users\duboism\onedrive - intel corporation\documents\github\hybriddetect\d3d12multithreading\src\obj\x64\debug\d3d12multithreading.obj
c:\users\duboism\onedrive - intel corporation\documents\github\hybriddetect\d3d12multithreading\src\obj\x64\debug\dxsample.obj
c:\users\duboism\onedrive - intel corporation\documents\github\hybriddetect\d3d12multithreading\src\obj\x64\debug\frameresource.obj
c:\users\duboism\onedrive - intel corporation\documents\github\hybriddetect\d3d12multithreading\src\obj\x64\debug\main.obj
c:\users\duboism\onedrive - intel corporation\documents\github\hybriddetect\d3d12multithreading\src\bin\x64\debug\shaders.hlsl
c:\users\duboism\onedrive - intel corporation\documents\github\hybriddetect\d3d12multithreading\src\bin\x64\debug\squidroom.bin
c:\users\duboism\onedrive - intel corporation\documents\github\hybriddetect\d3d12multithreading\src\bin\x64\debug\d3d12multithreading.exe
c:\users\duboism\onedrive - intel corporation\documents\github\hybriddetect\d3d12multithreading\src\bin\x64\debug\d3d12multithreading.ilk
c:\users\duboism\onedrive - intel corporation\documents\github\hybriddetect\d3d12multithreading\src\bin\x64\debug\d3d12multithreading.pdb
c:\users\duboism\onedrive - intel corporation\documents\github\hybriddetect\d3d12multithreading\src\obj\x64\debug\d3d12mul.3fc193d0.tlog\cl.command.1.tlog
c:\users\duboism\onedrive - intel corporation\documents\github\hybriddetect\d3d12multithreading\src\obj\x64\debug\d3d12mul.3fc193d0.tlog\cl.read.1.tlog
c:\users\duboism\onedrive - intel corporation\documents\github\hybriddetect\d3d12multithreading\src\obj\x64\debug\d3d12mul.3fc193d0.tlog\cl.write.1.tlog
c:\users\duboism\onedrive - intel corporation\documents\github\hybriddetect\d3d12multithreading\src\obj\x64\debug\d3d12mul.3fc193d0.tlog\custombuild.command.1.tlog
c:\users\duboism\onedrive - intel corporation\documents\github\hybriddetect\d3d12multithreading\src\obj\x64\debug\d3d12mul.3fc193d0.tlog\custombuild.read.1.tlog
c:\users\duboism\onedrive - intel corporation\documents\github\hybriddetect\d3d12multithreading\src\obj\x64\debug\d3d12mul.3fc193d0.tlog\custombuild.write.1.tlog
c:\users\duboism\onedrive - intel corporation\documents\github\hybriddetect\d3d12multithreading\src\obj\x64\debug\d3d12mul.3fc193d0.tlog\link.command.1.tlog
c:\users\duboism\onedrive - intel corporation\documents\github\hybriddetect\d3d12multithreading\src\obj\x64\debug\d3d12mul.3fc193d0.tlog\link.read.1.tlog
c:\users\duboism\onedrive - intel corporation\documents\github\hybriddetect\d3d12multithreading\src\obj\x64\debug\d3d12mul.3fc193d0.tlog\link.write.1.tlog
