c:\users\duboism\onedrive - intel corporation\documents\github\gametechdev\hybriddetect\d3d12multithreading\src\obj\x64\release\d3d12multithreading.pch
c:\users\duboism\onedrive - intel corporation\documents\github\gametechdev\hybriddetect\d3d12multithreading\src\obj\x64\release\vc142.pdb
c:\users\duboism\onedrive - intel corporation\documents\github\gametechdev\hybriddetect\d3d12multithreading\src\obj\x64\release\stdafx.obj
c:\users\duboism\onedrive - intel corporation\documents\github\gametechdev\hybriddetect\d3d12multithreading\src\obj\x64\release\main.obj
c:\users\duboism\onedrive - intel corporation\documents\github\gametechdev\hybriddetect\d3d12multithreading\src\obj\x64\release\frameresource.obj
c:\users\duboism\onedrive - intel corporation\documents\github\gametechdev\hybriddetect\d3d12multithreading\src\obj\x64\release\dxsample.obj
c:\users\duboism\onedrive - intel corporation\documents\github\gametechdev\hybriddetect\d3d12multithreading\src\obj\x64\release\d3d12multithreading.obj
c:\users\duboism\onedrive - intel corporation\documents\github\gametechdev\hybriddetect\d3d12multithreading\src\obj\x64\release\camera.obj
c:\users\duboism\onedrive - intel corporation\documents\github\gametechdev\hybriddetect\d3d12multithreading\src\obj\x64\release\win32application.obj
c:\users\duboism\onedrive - intel corporation\documents\github\gametechdev\hybriddetect\d3d12multithreading\src\obj\x64\release\imgui_widgets.obj
c:\users\duboism\onedrive - intel corporation\documents\github\gametechdev\hybriddetect\d3d12multithreading\src\obj\x64\release\imgui_impl_win32.obj
c:\users\duboism\onedrive - intel corporation\documents\github\gametechdev\hybriddetect\d3d12multithreading\src\obj\x64\release\imgui_impl_dx12.obj
c:\users\duboism\onedrive - intel corporation\documents\github\gametechdev\hybriddetect\d3d12multithreading\src\obj\x64\release\imgui_draw.obj
c:\users\duboism\onedrive - intel corporation\documents\github\gametechdev\hybriddetect\d3d12multithreading\src\obj\x64\release\imgui_demo.obj
c:\users\duboism\onedrive - intel corporation\documents\github\gametechdev\hybriddetect\d3d12multithreading\src\obj\x64\release\imgui.obj
c:\users\duboism\onedrive - intel corporation\documents\github\gametechdev\hybriddetect\d3d12multithreading\src\bin\x64\release\shaders.hlsl
c:\users\duboism\onedrive - intel corporation\documents\github\gametechdev\hybriddetect\d3d12multithreading\src\bin\x64\release\squidroom.bin
c:\users\duboism\onedrive - intel corporation\documents\github\gametechdev\hybriddetect\d3d12multithreading\src\bin\x64\release\d3d12multithreading.ipdb
c:\users\duboism\onedrive - intel corporation\documents\github\gametechdev\hybriddetect\d3d12multithreading\src\bin\x64\release\d3d12multithreading.iobj
c:\users\duboism\onedrive - intel corporation\documents\github\gametechdev\hybriddetect\d3d12multithreading\src\bin\x64\release\d3d12multithreading.exe
c:\users\duboism\onedrive - intel corporation\documents\github\gametechdev\hybriddetect\d3d12multithreading\src\bin\x64\release\d3d12multithreading.pdb
c:\users\duboism\onedrive - intel corporation\documents\github\gametechdev\hybriddetect\d3d12multithreading\src\obj\x64\release\d3d12mul.3fc193d0.tlog\cl.command.1.tlog
c:\users\duboism\onedrive - intel corporation\documents\github\gametechdev\hybriddetect\d3d12multithreading\src\obj\x64\release\d3d12mul.3fc193d0.tlog\cl.read.1.tlog
c:\users\duboism\onedrive - intel corporation\documents\github\gametechdev\hybriddetect\d3d12multithreading\src\obj\x64\release\d3d12mul.3fc193d0.tlog\cl.write.1.tlog
c:\users\duboism\onedrive - intel corporation\documents\github\gametechdev\hybriddetect\d3d12multithreading\src\obj\x64\release\d3d12mul.3fc193d0.tlog\custombuild.command.1.tlog
c:\users\duboism\onedrive - intel corporation\documents\github\gametechdev\hybriddetect\d3d12multithreading\src\obj\x64\release\d3d12mul.3fc193d0.tlog\custombuild.read.1.tlog
c:\users\duboism\onedrive - intel corporation\documents\github\gametechdev\hybriddetect\d3d12multithreading\src\obj\x64\release\d3d12mul.3fc193d0.tlog\custombuild.write.1.tlog
c:\users\duboism\onedrive - intel corporation\documents\github\gametechdev\hybriddetect\d3d12multithreading\src\obj\x64\release\d3d12mul.3fc193d0.tlog\d3d12multithreading.write.1u.tlog
c:\users\duboism\onedrive - intel corporation\documents\github\gametechdev\hybriddetect\d3d12multithreading\src\obj\x64\release\d3d12mul.3fc193d0.tlog\link.command.1.tlog
c:\users\duboism\onedrive - intel corporation\documents\github\gametechdev\hybriddetect\d3d12multithreading\src\obj\x64\release\d3d12mul.3fc193d0.tlog\link.delete.1.tlog
c:\users\duboism\onedrive - intel corporation\documents\github\gametechdev\hybriddetect\d3d12multithreading\src\obj\x64\release\d3d12mul.3fc193d0.tlog\link.read.1.tlog
c:\users\duboism\onedrive - intel corporation\documents\github\gametechdev\hybriddetect\d3d12multithreading\src\obj\x64\release\d3d12mul.3fc193d0.tlog\link.write.1.tlog
