  Performing Custom Build Tools
  Performing Custom Build Tools
  stdafx.cpp
  imgui.cpp
  imgui_demo.cpp
  imgui_draw.cpp
  imgui_impl_dx12.cpp
  imgui_impl_win32.cpp
  imgui_widgets.cpp
  Win32Application.cpp
  Camera.cpp
  D3D12Multithreading.cpp
C:\Users\duboism\OneDrive - Intel Corporation\Documents\GitHub\hybriddetect\HybridDetectConsole\HybridDetect.h(889,13): warning C4018: '<': signed/unsigned mismatch
C:\Users\duboism\OneDrive - Intel Corporation\Documents\GitHub\hybriddetect\D3D12Multithreading\src\D3D12Multithreading.cpp(882,38): warning C4244: 'argument': conversion from 'UINT' to 'float', possible loss of data
C:\Users\duboism\OneDrive - Intel Corporation\Documents\GitHub\hybriddetect\D3D12Multithreading\src\D3D12Multithreading.cpp(884,38): warning C4244: 'argument': conversion from 'UINT' to 'float', possible loss of data
C:\Users\duboism\OneDrive - Intel Corporation\Documents\GitHub\hybriddetect\D3D12Multithreading\src\D3D12Multithreading.cpp(934,155): warning C4244: 'argument': conversion from 'UINT' to 'float', possible loss of data
C:\Users\duboism\OneDrive - Intel Corporation\Documents\GitHub\hybriddetect\D3D12Multithreading\src\D3D12Multithreading.cpp(945,38): warning C4244: 'argument': conversion from 'UINT' to 'float', possible loss of data
C:\Users\duboism\OneDrive - Intel Corporation\Documents\GitHub\hybriddetect\D3D12Multithreading\src\D3D12Multithreading.cpp(948,38): warning C4244: 'argument': conversion from 'UINT' to 'float', possible loss of data
C:\Users\duboism\OneDrive - Intel Corporation\Documents\GitHub\hybriddetect\D3D12Multithreading\src\D3D12Multithreading.cpp(988,28): warning C4244: 'argument': conversion from 'UINT' to 'float', possible loss of data
C:\Users\duboism\OneDrive - Intel Corporation\Documents\GitHub\hybriddetect\D3D12Multithreading\src\D3D12Multithreading.cpp(1052,24): warning C4244: 'argument': conversion from 'UINT' to 'float', possible loss of data
C:\Users\duboism\OneDrive - Intel Corporation\Documents\GitHub\hybriddetect\D3D12Multithreading\src\D3D12Multithreading.cpp(1147,52): warning C4244: 'argument': conversion from 'UINT' to 'float', possible loss of data
C:\Users\duboism\OneDrive - Intel Corporation\Documents\GitHub\hybriddetect\D3D12Multithreading\src\D3D12Multithreading.cpp(1149,28): warning C4244: 'argument': conversion from 'UINT' to 'float', possible loss of data
  DXSample.cpp
  FrameResource.cpp
C:\Users\duboism\OneDrive - Intel Corporation\Documents\GitHub\hybriddetect\HybridDetectConsole\HybridDetect.h(889,13): warning C4018: '<': signed/unsigned mismatch
  Main.cpp
C:\Users\duboism\OneDrive - Intel Corporation\Documents\GitHub\hybriddetect\HybridDetectConsole\HybridDetect.h(889,13): warning C4018: '<': signed/unsigned mismatch
  Generating code
  Previous IPDB not found, fall back to full compilation.
  All 2069 functions were compiled because no usable IPDB/IOBJ from previous compilation was found.
  Finished generating code
  D3D12Multithreading.vcxproj -> C:\Users\duboism\OneDrive - Intel Corporation\Documents\GitHub\hybriddetect\D3D12Multithreading\src\bin\x64\Release\D3D12Multithreading.exe
