c:\users\duboism\onedrive - intel corporation\documents\github\hybriddetect\asteroids_d3d12\build\debug\obj\vc142.pdb
c:\users\duboism\onedrive - intel corporation\documents\github\hybriddetect\asteroids_d3d12\build\debug\obj\simplexnoise1234.obj
c:\users\duboism\onedrive - intel corporation\documents\github\hybriddetect\asteroids_d3d12\build\debug\obj\ddstextureloader.obj
c:\users\duboism\onedrive - intel corporation\documents\github\hybriddetect\asteroids_d3d12\build\debug\obj\dynamictaskmgrbase.obj
c:\users\duboism\onedrive - intel corporation\documents\github\hybriddetect\asteroids_d3d12\build\debug\obj\asteroids_d3d12.obj
c:\users\duboism\onedrive - intel corporation\documents\github\hybriddetect\asteroids_d3d12\build\debug\obj\winwrapper.obj
c:\users\duboism\onedrive - intel corporation\documents\github\hybriddetect\asteroids_d3d12\build\debug\obj\camera.obj
c:\users\duboism\onedrive - intel corporation\documents\github\hybriddetect\asteroids_d3d12\build\debug\obj\taskscheduler.obj
c:\users\duboism\onedrive - intel corporation\documents\github\hybriddetect\asteroids_d3d12\build\debug\obj\texture.obj
c:\users\duboism\onedrive - intel corporation\documents\github\hybriddetect\asteroids_d3d12\build\debug\obj\mesh.obj
c:\users\duboism\onedrive - intel corporation\documents\github\hybriddetect\asteroids_d3d12\build\debug\obj\taskmgrss.obj
c:\users\duboism\onedrive - intel corporation\documents\github\hybriddetect\asteroids_d3d12\build\debug\obj\simulation.obj
c:\users\duboism\onedrive - intel corporation\documents\github\hybriddetect\asteroids_d3d12\build\debug\obj\profile.obj
c:\users\duboism\onedrive - intel corporation\documents\github\hybriddetect\asteroids_d3d12\build\debug\obj\asteroid_ps.h
c:\users\duboism\onedrive - intel corporation\documents\github\hybriddetect\asteroids_d3d12\build\debug\obj\asteroid_ps_d3d11.h
c:\users\duboism\onedrive - intel corporation\documents\github\hybriddetect\asteroids_d3d12\build\debug\obj\asteroid_vs.h
c:\users\duboism\onedrive - intel corporation\documents\github\hybriddetect\asteroids_d3d12\build\debug\obj\font_ps.h
c:\users\duboism\onedrive - intel corporation\documents\github\hybriddetect\asteroids_d3d12\build\debug\obj\skybox_ps.h
c:\users\duboism\onedrive - intel corporation\documents\github\hybriddetect\asteroids_d3d12\build\debug\obj\skybox_vs.h
c:\users\duboism\onedrive - intel corporation\documents\github\hybriddetect\asteroids_d3d12\build\debug\obj\sprite_ps.h
c:\users\duboism\onedrive - intel corporation\documents\github\hybriddetect\asteroids_d3d12\build\debug\obj\sprite_vs.h
c:\users\duboism\onedrive - intel corporation\documents\github\hybriddetect\asteroids_d3d12\build\debug\bin\asteroids_d3d12.exe
c:\users\duboism\onedrive - intel corporation\documents\github\hybriddetect\asteroids_d3d12\build\debug\bin\asteroids_d3d12.ilk
c:\users\duboism\onedrive - intel corporation\documents\github\hybriddetect\asteroids_d3d12\build\debug\bin\asteroids_d3d12.pdb
c:\users\duboism\onedrive - intel corporation\documents\github\hybriddetect\asteroids_d3d12\build\debug\obj\asteroids_d3d12.tlog\cl.command.1.tlog
c:\users\duboism\onedrive - intel corporation\documents\github\hybriddetect\asteroids_d3d12\build\debug\obj\asteroids_d3d12.tlog\cl.read.1.tlog
c:\users\duboism\onedrive - intel corporation\documents\github\hybriddetect\asteroids_d3d12\build\debug\obj\asteroids_d3d12.tlog\cl.write.1.tlog
c:\users\duboism\onedrive - intel corporation\documents\github\hybriddetect\asteroids_d3d12\build\debug\obj\asteroids_d3d12.tlog\fxc.command.1.tlog
c:\users\duboism\onedrive - intel corporation\documents\github\hybriddetect\asteroids_d3d12\build\debug\obj\asteroids_d3d12.tlog\fxc.read.1.tlog
c:\users\duboism\onedrive - intel corporation\documents\github\hybriddetect\asteroids_d3d12\build\debug\obj\asteroids_d3d12.tlog\fxc.write.1.tlog
c:\users\duboism\onedrive - intel corporation\documents\github\hybriddetect\asteroids_d3d12\build\debug\obj\asteroids_d3d12.tlog\link.command.1.tlog
c:\users\duboism\onedrive - intel corporation\documents\github\hybriddetect\asteroids_d3d12\build\debug\obj\asteroids_d3d12.tlog\link.read.1.tlog
c:\users\duboism\onedrive - intel corporation\documents\github\hybriddetect\asteroids_d3d12\build\debug\obj\asteroids_d3d12.tlog\link.write.1.tlog
